[2026-06-15T08:51:59.286Z] GET /api/health started
[2026-06-15T08:51:59.293Z] GET /api/health finished in 7ms with status 200
[2026-06-15T08:55:37.932Z] GET /api/cart started
[2026-06-15T08:55:37.943Z] GET / finished in 11ms with status 401
[2026-06-15T08:55:37.948Z] GET /api/auth/me started
[2026-06-15T08:55:37.951Z] GET /me finished in 3ms with status 401
[2026-06-15T08:55:39.974Z] GET /images/promo/mixed_nuts.png started
[2026-06-15T08:55:39.979Z] GET /promo/mixed_nuts.png finished in 5ms with status 304
[2026-06-15T08:56:25.956Z] POST /api/auth/send-otp started
[2026-06-15T08:56:29.464Z] POST /send-otp finished in 3508ms with status 200
[2026-06-15T08:56:29.536Z] GET /images/promo/healthy_lifestyle.png started
[2026-06-15T08:56:29.538Z] GET /promo/healthy_lifestyle.png finished in 2ms with status 304
[2026-06-15T08:56:50.513Z] POST /api/auth/verify-otp started
[2026-06-15T08:56:50.993Z] POST /verify-otp finished in 480ms with status 201
[2026-06-15T08:56:51.022Z] GET /api/cart started
[2026-06-15T08:56:51.041Z] GET /api/products?limit=100 started
[2026-06-15T08:56:51.049Z] GET /api/categories started
[2026-06-15T08:56:51.098Z] GET / finished in 76ms with status 200
[2026-06-15T08:56:51.133Z] GET /?limit=100 finished in 92ms with status 200
[2026-06-15T08:56:51.135Z] GET / finished in 86ms with status 200
[2026-06-15T08:56:51.217Z] GET /images/promo/gift_box.png started
[2026-06-15T08:56:51.219Z] GET /promo/gift_box.png finished in 2ms with status 304
[2026-06-16T03:48:01.931Z] POST /api/auth/login started
[2026-06-16T03:48:03.225Z] POST /api/auth/login started
[2026-06-16T03:48:03.688Z] POST /login finished in 463ms with status 200
[2026-06-16T03:48:03.715Z] GET /api/wishlist started
[2026-06-16T03:48:03.720Z] GET /api/cart started
[2026-06-16T03:48:03.741Z] GET /api/products?limit=100 started
[2026-06-16T03:48:03.746Z] GET /api/categories started
[2026-06-16T03:48:03.792Z] GET / finished in 77ms with status 200
[2026-06-16T03:48:03.796Z] GET /api/wishlist started
[2026-06-16T03:48:03.801Z] GET / finished in 81ms with status 200
[2026-06-16T03:48:03.854Z] GET / finished in 58ms with status 304
[2026-06-16T03:48:04.000Z] GET / finished in 254ms with status 200
[2026-06-16T03:48:04.021Z] GET /?limit=100 finished in 280ms with status 200
[2026-06-16T03:48:04.102Z] GET /images/promo/healthy_lifestyle.png started
[2026-06-16T03:48:04.104Z] GET /images/promo/mixed_nuts.png started
[2026-06-16T03:48:04.105Z] GET /images/promo/gift_box.png started
[2026-06-16T03:48:04.107Z] GET /promo/mixed_nuts.png finished in 3ms with status 304
[2026-06-16T03:48:04.115Z] GET /promo/healthy_lifestyle.png finished in 13ms with status 200
[2026-06-16T03:48:04.117Z] GET /promo/gift_box.png finished in 12ms with status 200
[2026-06-16T03:48:07.043Z] POST /api/cart/add started
[2026-06-16T03:48:07.221Z] POST /add finished in 178ms with status 200
[2026-06-16T03:48:11.248Z] GET /api/products?limit=100 started
[2026-06-16T03:48:11.254Z] GET /api/categories started
[2026-06-16T03:48:11.328Z] GET /?limit=100 finished in 80ms with status 304
[2026-06-16T03:48:11.330Z] GET / finished in 76ms with status 304
[2026-06-16T03:48:13.756Z] GET /api/products/6a2a3cf4fc273594b72c93e0 started
[2026-06-16T03:48:13.759Z] GET /api/reviews/product/6a2a3cf4fc273594b72c93e0 started
[2026-06-16T03:48:13.814Z] GET /6a2a3cf4fc273594b72c93e0 finished in 58ms with status 200
[2026-06-16T03:48:13.816Z] GET /product/6a2a3cf4fc273594b72c93e0 finished in 57ms with status 200
[2026-06-16T03:48:13.821Z] GET /api/wishlist started
[2026-06-16T03:48:13.824Z] GET /api/products?category=6a2a3cf4fc273594b72c93d8&limit=5 started
[2026-06-16T03:48:13.899Z] GET / finished in 78ms with status 304
[2026-06-16T03:48:13.936Z] GET /?category=6a2a3cf4fc273594b72c93d8&limit=5 finished in 112ms with status 200
[2026-06-16T03:48:16.032Z] GET /api/products?limit=100 started
[2026-06-16T03:48:16.034Z] GET /api/categories started
[2026-06-16T03:48:16.093Z] GET /?limit=100 finished in 61ms with status 304
[2026-06-16T03:48:16.095Z] GET / finished in 61ms with status 304
[2026-06-16T03:48:18.530Z] POST /api/cart/add started
[2026-06-16T03:48:18.683Z] POST /add finished in 154ms with status 200
[2026-06-16T03:48:20.464Z] GET /api/products/6a2a3cf4fc273594b72c93e1 started
[2026-06-16T03:48:20.466Z] GET /api/reviews/product/6a2a3cf4fc273594b72c93e1 started
[2026-06-16T03:48:20.522Z] GET /6a2a3cf4fc273594b72c93e1 finished in 58ms with status 200
[2026-06-16T03:48:20.524Z] GET /product/6a2a3cf4fc273594b72c93e1 finished in 58ms with status 200
[2026-06-16T03:48:20.529Z] GET /api/products?category=6a2a3cf4fc273594b72c93d7&limit=5 started
[2026-06-16T03:48:20.531Z] GET /api/wishlist started
[2026-06-16T03:48:20.589Z] GET /?category=6a2a3cf4fc273594b72c93d7&limit=5 finished in 60ms with status 200
[2026-06-16T03:48:20.592Z] GET / finished in 61ms with status 304
[2026-06-16T03:48:21.762Z] GET /api/products?limit=100 started
[2026-06-16T03:48:21.765Z] GET /api/categories started
[2026-06-16T03:48:21.825Z] GET /?limit=100 finished in 63ms with status 304
[2026-06-16T03:48:21.828Z] GET / finished in 63ms with status 304
[2026-06-16T03:48:25.144Z] POST /api/cart/add started
[2026-06-16T03:48:25.291Z] POST /add finished in 147ms with status 200
[2026-06-16T03:48:27.844Z] POST /api/cart/add started
[2026-06-16T03:48:27.996Z] POST /add finished in 152ms with status 200
[2026-06-16T03:48:29.564Z] POST /api/cart/add started
[2026-06-16T03:48:29.711Z] POST /add finished in 147ms with status 200
[2026-06-16T03:48:30.699Z] GET /api/products/6a2a3cf4fc273594b72c93e0 started
[2026-06-16T03:48:30.701Z] GET /api/reviews/product/6a2a3cf4fc273594b72c93e0 started
[2026-06-16T03:48:30.755Z] GET /6a2a3cf4fc273594b72c93e0 finished in 56ms with status 304
[2026-06-16T03:48:30.760Z] GET /product/6a2a3cf4fc273594b72c93e0 finished in 59ms with status 304
[2026-06-16T03:48:30.764Z] GET /api/wishlist started
[2026-06-16T03:48:30.766Z] GET /api/products?category=6a2a3cf4fc273594b72c93d8&limit=5 started
[2026-06-16T03:48:30.822Z] GET / finished in 58ms with status 304
[2026-06-16T03:48:30.825Z] GET /?category=6a2a3cf4fc273594b72c93d8&limit=5 finished in 59ms with status 304
[2026-06-16T03:48:32.329Z] GET /api/products?limit=100 started
[2026-06-16T03:48:32.331Z] GET /api/categories started
[2026-06-16T03:48:32.390Z] GET /?limit=100 finished in 61ms with status 304
[2026-06-16T03:48:32.393Z] GET / finished in 62ms with status 304
[2026-06-16T03:48:32.424Z] GET /images/promo/mixed_nuts.png started
[2026-06-16T03:48:32.425Z] GET /images/promo/gift_box.png started
[2026-06-16T03:48:32.426Z] GET /images/promo/healthy_lifestyle.png started
[2026-06-16T03:48:32.427Z] GET /promo/mixed_nuts.png finished in 3ms with status 304
[2026-06-16T03:48:32.428Z] GET /promo/gift_box.png finished in 3ms with status 304
[2026-06-16T03:48:32.429Z] GET /promo/healthy_lifestyle.png finished in 4ms with status 304
[2026-06-16T03:48:34.386Z] POST /api/cart/add started
[2026-06-16T03:48:34.543Z] POST /add finished in 157ms with status 200
[2026-06-16T03:48:36.168Z] POST /api/cart/add started
[2026-06-16T03:48:36.317Z] POST /add finished in 149ms with status 200
[2026-06-16T03:48:38.399Z] POST /api/cart/add started
[2026-06-16T03:48:38.559Z] POST /add finished in 160ms with status 200
[2026-06-16T03:48:39.848Z] POST /api/cart/add started
[2026-06-16T03:48:40.033Z] POST /add finished in 185ms with status 200
[2026-06-16T03:50:35.841Z] GET /images/promo/mixed_nuts.png started
[2026-06-16T03:50:35.846Z] GET /promo/mixed_nuts.png finished in 5ms with status 304
[2026-06-16T03:50:40.010Z] GET /api/orders?limit=1 started
[2026-06-16T03:50:40.084Z] GET /?limit=1 finished in 74ms with status 200
[2026-06-16T03:51:00.309Z] GET /images/promo/mixed_nuts.png started
[2026-06-16T03:51:00.310Z] GET /promo/mixed_nuts.png finished in 1ms with status 304
[2026-06-16T03:53:54.778Z] POST /api/auth/login started
[2026-06-16T03:53:55.176Z] POST /login finished in 398ms with status 200
[2026-06-16T03:53:55.207Z] GET /api/wishlist started
[2026-06-16T03:53:55.209Z] GET /api/cart started
[2026-06-16T03:53:55.241Z] GET /api/products?limit=100 started
[2026-06-16T03:53:55.244Z] GET /api/categories started
[2026-06-16T03:53:55.268Z] GET / finished in 61ms with status 304
[2026-06-16T03:53:55.273Z] GET /api/wishlist started
[2026-06-16T03:53:55.306Z] GET /?limit=100 finished in 65ms with status 304
[2026-06-16T03:53:55.311Z] GET / finished in 67ms with status 304
[2026-06-16T03:53:55.314Z] GET / finished in 105ms with status 200
[2026-06-16T03:53:55.337Z] GET / finished in 64ms with status 304
[2026-06-16T03:53:55.391Z] GET /images/promo/healthy_lifestyle.png started
[2026-06-16T03:53:55.392Z] GET /images/promo/gift_box.png started
[2026-06-16T03:53:55.393Z] GET /promo/healthy_lifestyle.png finished in 2ms with status 304
[2026-06-16T03:53:55.395Z] GET /promo/gift_box.png finished in 3ms with status 304
[2026-06-16T03:53:59.150Z] GET /api/orders?limit=1 started
[2026-06-16T03:53:59.211Z] GET /?limit=1 finished in 61ms with status 304
[2026-06-16T03:54:16.916Z] GET /images/promo/mixed_nuts.png started
[2026-06-16T03:54:16.917Z] GET /promo/mixed_nuts.png finished in 1ms with status 304
[2026-06-16T03:59:44.178Z] POST /api/auth/login started
[2026-06-16T03:59:44.520Z] POST /login finished in 342ms with status 200
[2026-06-16T03:59:44.541Z] GET /api/wishlist started
[2026-06-16T03:59:44.543Z] GET /api/cart started
[2026-06-16T03:59:44.565Z] GET /api/products?limit=100 started
[2026-06-16T03:59:44.567Z] GET /api/categories started
[2026-06-16T03:59:44.606Z] GET / finished in 65ms with status 304
[2026-06-16T03:59:44.610Z] GET /api/wishlist started
[2026-06-16T03:59:44.633Z] GET /?limit=100 finished in 68ms with status 304
[2026-06-16T03:59:44.635Z] GET / finished in 68ms with status 304
[2026-06-16T03:59:44.643Z] GET / finished in 100ms with status 304
[2026-06-16T03:59:44.674Z] GET / finished in 64ms with status 304
[2026-06-16T03:59:44.711Z] GET /images/promo/mixed_nuts.png started
[2026-06-16T03:59:44.712Z] GET /images/promo/healthy_lifestyle.png started
[2026-06-16T03:59:44.713Z] GET /images/promo/gift_box.png started
[2026-06-16T03:59:44.713Z] GET /promo/mixed_nuts.png finished in 2ms with status 304
[2026-06-16T03:59:44.714Z] GET /promo/healthy_lifestyle.png finished in 2ms with status 304
[2026-06-16T03:59:44.715Z] GET /promo/gift_box.png finished in 2ms with status 304
[2026-06-16T03:59:48.321Z] GET /api/orders?limit=1 started
[2026-06-16T03:59:48.397Z] GET /?limit=1 finished in 76ms with status 304
[2026-06-16T04:02:32.679Z] GET /images/promo/mixed_nuts.png started
[2026-06-16T04:02:32.680Z] GET /promo/mixed_nuts.png finished in 1ms with status 304
[2026-06-16T04:02:37.837Z] GET /images/promo/gift_box.png started
[2026-06-16T04:02:37.839Z] GET /promo/gift_box.png finished in 2ms with status 304
[2026-06-16T04:02:40.403Z] GET /images/promo/healthy_lifestyle.png started
[2026-06-16T04:02:40.404Z] GET /promo/healthy_lifestyle.png finished in 1ms with status 304
[2026-06-16T04:02:49.254Z] GET /images/promo/gift_box.png started
[2026-06-16T04:02:49.255Z] GET /promo/gift_box.png finished in 1ms with status 304
[2026-06-16T04:03:39.736Z] POST /api/auth/login started
[2026-06-16T04:03:40.061Z] POST /login finished in 325ms with status 200
[2026-06-16T04:03:40.081Z] GET /api/wishlist started
[2026-06-16T04:03:40.083Z] GET /api/cart started
[2026-06-16T04:03:40.093Z] GET /api/products?limit=100 started
[2026-06-16T04:03:40.095Z] GET /api/categories started
[2026-06-16T04:03:40.137Z] GET / finished in 56ms with status 304
[2026-06-16T04:03:40.141Z] GET /api/wishlist started
[2026-06-16T04:03:40.154Z] GET /?limit=100 finished in 62ms with status 304
[2026-06-16T04:03:40.156Z] GET / finished in 61ms with status 304
[2026-06-16T04:03:40.168Z] GET / finished in 85ms with status 304
[2026-06-16T04:03:40.194Z] GET /images/promo/mixed_nuts.png started
[2026-06-16T04:03:40.197Z] GET /promo/mixed_nuts.png finished in 3ms with status 304
[2026-06-16T04:03:40.199Z] GET / finished in 58ms with status 304
[2026-06-16T04:03:52.368Z] DELETE /api/cart/6a30c777c12a4fab9679500f started
[2026-06-16T04:03:52.498Z] DELETE /6a30c777c12a4fab9679500f finished in 130ms with status 200
[2026-06-16T04:03:54.016Z] DELETE /api/cart/6a30c782c12a4fab96795038 started
[2026-06-16T04:03:54.137Z] DELETE /6a30c782c12a4fab96795038 finished in 121ms with status 200
[2026-06-16T04:03:55.287Z] DELETE /api/cart/6a30c794c12a4fab9679508b started
[2026-06-16T04:03:55.436Z] DELETE /6a30c794c12a4fab9679508b finished in 149ms with status 200
[2026-06-16T04:03:56.750Z] DELETE /api/cart/6a30c796c12a4fab96795094 started
[2026-06-16T04:03:56.872Z] DELETE /6a30c796c12a4fab96795094 finished in 122ms with status 200
[2026-06-16T04:03:58.073Z] DELETE /api/cart/6a30c797c12a4fab9679509e started
[2026-06-16T04:03:58.170Z] DELETE /6a30c797c12a4fab9679509e finished in 97ms with status 200
[2026-06-16T04:03:59.559Z] GET /api/products?limit=100 started
[2026-06-16T04:03:59.562Z] GET /api/categories started
[2026-06-16T04:03:59.629Z] GET /?limit=100 finished in 70ms with status 304
[2026-06-16T04:03:59.632Z] GET / finished in 70ms with status 304
[2026-06-16T04:03:59.665Z] GET /images/promo/mixed_nuts.png started
[2026-06-16T04:03:59.666Z] GET /images/promo/healthy_lifestyle.png started
[2026-06-16T04:03:59.668Z] GET /promo/mixed_nuts.png finished in 3ms with status 304
[2026-06-16T04:03:59.669Z] GET /promo/healthy_lifestyle.png finished in 3ms with status 304
[2026-06-16T04:03:59.670Z] GET /images/promo/gift_box.png started
[2026-06-16T04:03:59.671Z] GET /promo/gift_box.png finished in 2ms with status 304
[2026-06-16T04:04:03.168Z] GET /api/orders?limit=1 started
[2026-06-16T04:04:03.230Z] GET /?limit=1 finished in 62ms with status 304
[2026-06-16T04:04:07.681Z] GET /api/orders?limit=1 started
[2026-06-16T04:04:07.742Z] GET /?limit=1 finished in 61ms with status 304
[2026-06-16T04:04:13.893Z] GET /api/products?limit=100 started
[2026-06-16T04:04:13.896Z] GET /api/categories started
[2026-06-16T04:04:13.958Z] GET /?limit=100 finished in 65ms with status 304
[2026-06-16T04:04:13.960Z] GET / finished in 64ms with status 304
[2026-06-16T04:04:13.994Z] GET /images/promo/gift_box.png started
[2026-06-16T04:04:13.995Z] GET /images/promo/mixed_nuts.png started
[2026-06-16T04:04:13.996Z] GET /images/promo/healthy_lifestyle.png started
[2026-06-16T04:04:13.997Z] GET /promo/gift_box.png finished in 3ms with status 304
[2026-06-16T04:04:13.998Z] GET /promo/mixed_nuts.png finished in 3ms with status 304
[2026-06-16T04:04:13.999Z] GET /promo/healthy_lifestyle.png finished in 3ms with status 304
[2026-06-16T04:05:27.628Z] GET /api/orders?limit=1 started
[2026-06-16T04:05:27.686Z] GET /?limit=1 finished in 58ms with status 304
[2026-06-16T04:06:56.834Z] POST /api/auth/login started
[2026-06-16T04:06:57.196Z] POST /login finished in 362ms with status 200
[2026-06-16T04:06:57.215Z] GET /api/wishlist started
[2026-06-16T04:06:57.217Z] GET /api/cart started
[2026-06-16T04:06:57.219Z] GET /api/products?limit=100 started
[2026-06-16T04:06:57.221Z] GET /api/categories started
[2026-06-16T04:06:57.273Z] GET / finished in 58ms with status 304
[2026-06-16T04:06:57.276Z] GET / finished in 59ms with status 200
[2026-06-16T04:06:57.277Z] GET /api/wishlist started
[2026-06-16T04:06:57.281Z] GET /?limit=100 finished in 62ms with status 304
[2026-06-16T04:06:57.283Z] GET / finished in 62ms with status 304
[2026-06-16T04:06:57.317Z] GET /images/promo/healthy_lifestyle.png started
[2026-06-16T04:06:57.318Z] GET /images/promo/gift_box.png started
[2026-06-16T04:06:57.319Z] GET /promo/healthy_lifestyle.png finished in 2ms with status 304
[2026-06-16T04:06:57.320Z] GET /promo/gift_box.png finished in 2ms with status 304
[2026-06-16T04:06:57.349Z] GET / finished in 72ms with status 304
[2026-06-16T04:09:41.835Z] GET /api/orders?limit=1 started
[2026-06-16T04:09:41.895Z] GET /?limit=1 finished in 60ms with status 304
[2026-06-16T04:15:17.848Z] GET /images/promo/mixed_nuts.png started
[2026-06-16T04:15:17.852Z] GET /promo/mixed_nuts.png finished in 4ms with status 304
[2026-06-16T04:21:14.709Z] POST /api/auth/login started
[2026-06-16T04:21:15.103Z] POST /login finished in 394ms with status 200
[2026-06-16T04:21:15.127Z] GET /api/wishlist started
[2026-06-16T04:21:15.131Z] GET /api/cart started
[2026-06-16T04:21:15.134Z] GET /api/products?limit=100 started
[2026-06-16T04:21:15.141Z] GET /api/categories started
[2026-06-16T04:21:15.191Z] GET / finished in 64ms with status 304
[2026-06-16T04:21:15.194Z] GET / finished in 63ms with status 304
[2026-06-16T04:21:15.195Z] GET /api/wishlist started
[2026-06-16T04:21:15.212Z] GET /?limit=100 finished in 78ms with status 304
[2026-06-16T04:21:15.215Z] GET / finished in 74ms with status 304
[2026-06-16T04:21:15.255Z] GET / finished in 60ms with status 304
[2026-06-16T04:21:15.258Z] GET /images/promo/healthy_lifestyle.png started
[2026-06-16T04:21:15.259Z] GET /images/promo/gift_box.png started
[2026-06-16T04:21:15.260Z] GET /promo/healthy_lifestyle.png finished in 2ms with status 304
[2026-06-16T04:21:15.261Z] GET /promo/gift_box.png finished in 2ms with status 304
[2026-06-16T04:21:17.015Z] GET /api/orders?limit=1 started
[2026-06-16T04:21:17.080Z] GET /?limit=1 finished in 65ms with status 304
[2026-06-16T04:21:21.089Z] POST /api/auth/login started
[2026-06-16T04:21:21.464Z] POST /login finished in 375ms with status 200
[2026-06-16T04:21:21.484Z] GET /api/wishlist started
[2026-06-16T04:21:21.486Z] GET /api/cart started
[2026-06-16T04:21:21.498Z] GET /api/admin/stats started
[2026-06-16T04:21:21.605Z] GET / finished in 119ms with status 200
[2026-06-16T04:21:21.609Z] GET / finished in 125ms with status 200
[2026-06-16T04:21:21.615Z] GET /api/wishlist started
[2026-06-16T04:21:21.708Z] GET / finished in 93ms with status 304
[2026-06-16T04:21:21.817Z] GET /stats finished in 319ms with status 200
[2026-06-16T04:21:23.499Z] GET /api/products?limit=100&search= started
[2026-06-16T04:21:23.502Z] GET /api/categories started
[2026-06-16T04:21:23.562Z] GET /?limit=100&search= finished in 63ms with status 200
[2026-06-16T04:21:23.565Z] GET / finished in 63ms with status 304
[2026-06-16T04:21:39.515Z] GET /api/orders/all?limit=100&status=pending,confirmed,processing,packed started
[2026-06-16T04:21:39.575Z] GET /all?limit=100&status=pending,confirmed,processing,packed finished in 60ms with status 200
[2026-06-16T04:21:40.485Z] GET /api/admin/stats started
[2026-06-16T04:21:40.748Z] GET /stats finished in 263ms with status 200
[2026-06-16T04:21:45.684Z] POST /api/auth/login started
[2026-06-16T04:21:46.026Z] POST /login finished in 342ms with status 200
[2026-06-16T04:21:46.047Z] GET /api/wishlist started
[2026-06-16T04:21:46.050Z] GET /api/cart started
[2026-06-16T04:21:46.052Z] GET /api/admin/stats started
[2026-06-16T04:21:46.136Z] GET / finished in 89ms with status 304
[2026-06-16T04:21:46.139Z] GET / finished in 90ms with status 304
[2026-06-16T04:21:46.141Z] GET /api/wishlist started
[2026-06-16T04:21:46.229Z] GET / finished in 88ms with status 304
[2026-06-16T04:21:46.352Z] GET /stats finished in 300ms with status 200
[2026-06-16T04:23:31.243Z] GET /images/promo/mixed_nuts.png started
[2026-06-16T04:23:31.244Z] GET /promo/mixed_nuts.png finished in 1ms with status 304
[2026-06-16T04:24:54.129Z] GET /images/promo/mixed_nuts.png started
[2026-06-16T04:24:54.130Z] GET /promo/mixed_nuts.png finished in 1ms with status 304
[2026-06-16T04:24:57.175Z] GET /images/promo/gift_box.png started
[2026-06-16T04:24:57.177Z] GET /promo/gift_box.png finished in 2ms with status 304
[2026-06-16T04:24:57.725Z] GET /images/promo/healthy_lifestyle.png started
[2026-06-16T04:24:57.728Z] GET /promo/healthy_lifestyle.png finished in 3ms with status 304
[2026-06-16T04:25:12.341Z] GET /images/promo/mixed_nuts.png started
[2026-06-16T04:25:12.342Z] GET /promo/mixed_nuts.png finished in 1ms with status 304
[2026-06-16T04:25:29.470Z] GET /images/promo/mixed_nuts.png started
[2026-06-16T04:25:29.472Z] GET /promo/mixed_nuts.png finished in 2ms with status 304
[2026-06-16T04:25:29.779Z] GET /images/promo/mixed_nuts.png started
[2026-06-16T04:25:29.781Z] GET /promo/mixed_nuts.png finished in 2ms with status 304
[2026-06-16T04:25:29.941Z] GET /images/promo/mixed_nuts.png started
[2026-06-16T04:25:29.942Z] GET /promo/mixed_nuts.png finished in 1ms with status 304
[2026-06-16T04:25:30.095Z] GET /images/promo/mixed_nuts.png started
[2026-06-16T04:25:30.096Z] GET /promo/mixed_nuts.png finished in 1ms with status 304
[2026-06-16T04:25:30.265Z] GET /images/promo/mixed_nuts.png started
[2026-06-16T04:25:30.266Z] GET /promo/mixed_nuts.png finished in 1ms with status 304
[2026-06-16T04:25:30.460Z] GET /images/promo/mixed_nuts.png started
[2026-06-16T04:25:30.461Z] GET /promo/mixed_nuts.png finished in 1ms with status 304
[2026-06-16T04:25:30.629Z] GET /images/promo/mixed_nuts.png started
[2026-06-16T04:25:30.630Z] GET /promo/mixed_nuts.png finished in 1ms with status 304
[2026-06-16T04:27:47.846Z] POST /api/auth/login started
[2026-06-16T04:27:48.172Z] POST /login finished in 326ms with status 200
[2026-06-16T04:27:48.193Z] GET /api/wishlist started
[2026-06-16T04:27:48.196Z] GET /api/cart started
[2026-06-16T04:27:48.207Z] GET /api/admin/stats started
[2026-06-16T04:27:48.280Z] GET / finished in 87ms with status 304
[2026-06-16T04:27:48.283Z] GET / finished in 87ms with status 304
[2026-06-16T04:27:48.284Z] GET /api/wishlist started
[2026-06-16T04:27:48.301Z] GET /stats finished in 94ms with status 200
[2026-06-16T04:27:48.371Z] GET / finished in 87ms with status 304
[2026-06-16T04:31:21.863Z] GET /api/admin/stats started
[2026-06-16T04:31:21.866Z] GET /api/cart started
[2026-06-16T04:31:21.961Z] GET /stats finished in 98ms with status 200
[2026-06-16T04:31:21.965Z] GET / finished in 99ms with status 304
[2026-06-16T04:32:15.996Z] POST /api/auth/google started
[2026-06-16T04:32:16.191Z] POST /google finished in 195ms with status 200
[2026-06-16T04:32:16.211Z] GET /api/wishlist started
[2026-06-16T04:32:16.214Z] GET /api/cart started
[2026-06-16T04:32:16.217Z] GET /api/products?limit=100 started
[2026-06-16T04:32:16.219Z] GET /api/categories started
[2026-06-16T04:32:24.127Z] GET /api/cart started
[2026-06-16T04:32:24.139Z] GET /api/auth/me started
[2026-06-16T04:32:24.214Z] GET /me finished in 75ms with status 200
[2026-06-16T04:32:24.219Z] GET /api/wishlist started
[2026-06-16T04:32:24.238Z] GET / finished in 112ms with status 200
[2026-06-16T04:32:24.243Z] GET /api/products?limit=100 started
[2026-06-16T04:32:24.249Z] GET /api/categories started
[2026-06-16T04:32:24.285Z] GET / finished in 66ms with status 200
[2026-06-16T04:32:24.309Z] POST /api/wishlist/add started
[2026-06-16T04:32:24.317Z] GET /?limit=100 finished in 74ms with status 304
[2026-06-16T04:32:24.320Z] GET / finished in 71ms with status 304
[2026-06-16T04:32:24.329Z] GET /images/promo/mixed_nuts.png started
[2026-06-16T04:32:24.332Z] GET /promo/mixed_nuts.png finished in 3ms with status 304
[2026-06-16T04:32:24.395Z] GET /images/promo/gift_box.png started
[2026-06-16T04:32:24.396Z] GET /images/promo/healthy_lifestyle.png started
[2026-06-16T04:32:24.397Z] GET /promo/gift_box.png finished in 2ms with status 304
[2026-06-16T04:32:24.398Z] GET /promo/healthy_lifestyle.png finished in 2ms with status 304
[2026-06-16T04:32:24.410Z] POST /add finished in 101ms with status 200
[2026-06-16T04:32:24.424Z] POST /api/wishlist/add started
[2026-06-16T04:32:24.522Z] POST /add finished in 98ms with status 200
[2026-06-16T04:32:24.525Z] GET /api/wishlist started
[2026-06-16T04:32:24.615Z] GET / finished in 90ms with status 200
[2026-06-16T04:32:26.602Z] GET /api/orders?limit=1 started
[2026-06-16T04:32:26.668Z] GET /?limit=1 finished in 66ms with status 200
[2026-06-16T05:06:51.942Z] GET /api/cart started
[2026-06-16T05:06:51.949Z] GET /api/auth/me started
[2026-06-16T05:06:52.251Z] GET / finished in 309ms with status 304
[2026-06-16T05:06:52.495Z] GET /me finished in 546ms with status 200
[2026-06-16T05:06:52.499Z] GET /api/wishlist started
[2026-06-16T05:06:52.593Z] GET / finished in 94ms with status 304
[2026-06-16T05:06:52.597Z] GET /api/wishlist started
[2026-06-16T05:06:52.695Z] GET / finished in 98ms with status 304
[2026-06-16T05:06:54.559Z] GET /api/products?limit=100 started
[2026-06-16T05:06:54.565Z] GET /api/categories started
[2026-06-16T05:06:54.701Z] GET /?limit=100 finished in 142ms with status 304
[2026-06-16T05:06:54.704Z] GET / finished in 139ms with status 304
[2026-06-16T05:06:54.791Z] GET /images/promo/healthy_lifestyle.png started
[2026-06-16T05:06:54.793Z] GET /images/promo/gift_box.png started
[2026-06-16T05:06:54.794Z] GET /images/promo/mixed_nuts.png started
[2026-06-16T05:06:54.796Z] GET /promo/healthy_lifestyle.png finished in 5ms with status 304
[2026-06-16T05:06:54.798Z] GET /promo/gift_box.png finished in 5ms with status 304
[2026-06-16T05:06:54.799Z] GET /promo/mixed_nuts.png finished in 5ms with status 304
[2026-06-16T05:06:56.643Z] GET /api/orders?limit=1 started
[2026-06-16T05:06:56.708Z] GET /?limit=1 finished in 65ms with status 304
[2026-06-16T05:07:03.189Z] POST /api/auth/login started
[2026-06-16T05:07:04.500Z] POST /api/auth/login started
[2026-06-16T05:07:05.274Z] POST /login finished in 774ms with status 200
[2026-06-16T05:07:05.295Z] GET /api/wishlist started
[2026-06-16T05:07:05.299Z] GET /api/cart started
[2026-06-16T05:07:05.301Z] GET /api/admin/stats started
[2026-06-16T05:07:05.401Z] GET / finished in 102ms with status 200
[2026-06-16T05:07:05.404Z] GET / finished in 109ms with status 304
[2026-06-16T05:07:05.407Z] GET /api/wishlist started
[2026-06-16T05:07:05.517Z] GET / finished in 110ms with status 304
[2026-06-16T05:07:05.587Z] GET /stats finished in 286ms with status 200
[2026-06-16T05:07:07.362Z] GET /api/products?limit=100 started
[2026-06-16T05:07:07.366Z] GET /api/categories started
[2026-06-16T05:07:07.443Z] GET /?limit=100 finished in 81ms with status 304
[2026-06-16T05:07:07.445Z] GET / finished in 79ms with status 304
[2026-06-16T05:12:04.038Z] GET /api/orders?limit=1 started
[2026-06-16T05:12:04.107Z] GET /?limit=1 finished in 69ms with status 200
[2026-06-16T05:12:10.520Z] GET /api/products?limit=100 started
[2026-06-16T05:12:10.523Z] GET /api/categories started
[2026-06-16T05:12:10.597Z] GET /?limit=100 finished in 77ms with status 304
[2026-06-16T05:12:10.600Z] GET / finished in 77ms with status 304
[2026-06-16T05:12:10.638Z] GET /images/promo/gift_box.png started
[2026-06-16T05:12:10.641Z] GET /images/promo/healthy_lifestyle.png started
[2026-06-16T05:12:10.643Z] GET /promo/gift_box.png finished in 5ms with status 304
[2026-06-16T05:12:10.644Z] GET /promo/healthy_lifestyle.png finished in 3ms with status 304
[2026-06-16T05:12:32.417Z] GET /api/orders?limit=1 started
[2026-06-16T05:12:32.494Z] GET /?limit=1 finished in 77ms with status 304
[2026-06-16T05:12:38.146Z] GET /api/products?limit=100 started
[2026-06-16T05:12:38.150Z] GET /api/categories started
[2026-06-16T05:12:38.218Z] GET /?limit=100 finished in 72ms with status 304
[2026-06-16T05:12:38.221Z] GET / finished in 71ms with status 304
[2026-06-16T05:12:38.253Z] GET /images/promo/healthy_lifestyle.png started
[2026-06-16T05:12:38.254Z] GET /images/promo/gift_box.png started
[2026-06-16T05:12:38.255Z] GET /promo/healthy_lifestyle.png finished in 2ms with status 304
[2026-06-16T05:12:38.256Z] GET /promo/gift_box.png finished in 2ms with status 304
[2026-06-16T05:32:02.804Z] GET /images/promo/mixed_nuts.png started
[2026-06-16T05:32:02.810Z] GET /promo/mixed_nuts.png finished in 6ms with status 304
[2026-06-16T05:32:04.944Z] GET /images/promo/mixed_nuts.png started
[2026-06-16T05:32:04.946Z] GET /promo/mixed_nuts.png finished in 2ms with status 304
[2026-06-16T05:32:24.122Z] POST /api/auth/login started
[2026-06-16T05:32:41.362Z] GET /images/promo/mixed_nuts.png started
[2026-06-16T05:32:41.368Z] GET /promo/mixed_nuts.png finished in 6ms with status 304
[2026-06-16T05:32:44.515Z] POST /api/auth/login started
[2026-06-16T05:32:44.911Z] POST /login finished in 396ms with status 200
[2026-06-16T05:32:44.916Z] GET /api/wishlist started
[2026-06-16T05:32:44.927Z] GET /api/cart started
[2026-06-16T05:32:44.946Z] GET /api/admin/stats started
[2026-06-16T05:32:45.097Z] GET / finished in 170ms with status 304
[2026-06-16T05:32:45.100Z] GET / finished in 184ms with status 304
[2026-06-16T05:32:45.105Z] GET /api/wishlist started
[2026-06-16T05:32:45.230Z] GET / finished in 125ms with status 304
[2026-06-16T05:32:45.333Z] GET /stats finished in 387ms with status 200
[2026-06-16T05:32:46.661Z] GET /api/products?limit=1000 started
[2026-06-16T05:32:46.702Z] GET /api/admin/users started
[2026-06-16T05:32:46.705Z] GET /api/categories started
[2026-06-16T05:32:46.708Z] GET /api/orders/admin/dashboard-stats started
[2026-06-16T05:32:46.711Z] GET /api/orders/all?page=1&limit=10&sort=-createdAt started
[2026-06-16T05:32:46.713Z] GET /api/orders/admin/analytics started
[2026-06-16T05:32:46.759Z] GET /?limit=1000 finished in 98ms with status 200
[2026-06-16T05:32:46.817Z] GET /users finished in 115ms with status 200
[2026-06-16T05:32:46.820Z] GET / finished in 115ms with status 304
[2026-06-16T05:32:46.845Z] GET /all?page=1&limit=10&sort=-createdAt finished in 135ms with status 200
[2026-06-16T05:32:46.853Z] GET /admin/dashboard-stats finished in 145ms with status 200
[2026-06-16T05:32:46.875Z] GET /admin/analytics finished in 163ms with status 200
[2026-06-16T05:32:49.145Z] GET /api/categories started
[2026-06-16T05:32:49.147Z] GET /api/products?limit=100&search= started
[2026-06-16T05:32:49.230Z] GET /?limit=100&search= finished in 83ms with status 304
[2026-06-16T05:32:49.237Z] GET / finished in 92ms with status 304
[2026-06-16T05:33:00.107Z] GET /api/admin/stats started
[2026-06-16T05:33:00.537Z] GET /stats finished in 430ms with status 200
[2026-06-16T05:33:04.485Z] POST /api/auth/login started
[2026-06-16T05:33:04.846Z] POST /login finished in 361ms with status 200
[2026-06-16T05:33:04.850Z] GET /api/wishlist started
[2026-06-16T05:33:04.872Z] GET /api/cart started
[2026-06-16T05:33:04.887Z] GET /api/products?limit=100 started
[2026-06-16T05:33:04.890Z] GET /api/categories started
[2026-06-16T05:33:04.922Z] GET / finished in 72ms with status 200
[2026-06-16T05:33:04.926Z] POST /api/wishlist/add started
[2026-06-16T05:33:04.954Z] GET / finished in 82ms with status 200
[2026-06-16T05:33:04.971Z] GET / finished in 81ms with status 304
[2026-06-16T05:33:04.977Z] GET /?limit=100 finished in 90ms with status 304
[2026-06-16T05:33:05.039Z] POST /add finished in 113ms with status 200
[2026-06-16T05:33:05.047Z] GET /images/promo/healthy_lifestyle.png started
[2026-06-16T05:33:05.048Z] GET /images/promo/gift_box.png started
[2026-06-16T05:33:05.049Z] GET /promo/healthy_lifestyle.png finished in 2ms with status 304
[2026-06-16T05:33:05.051Z] GET /promo/gift_box.png finished in 3ms with status 304
[2026-06-16T05:33:05.056Z] POST /api/wishlist/add started
[2026-06-16T05:33:05.179Z] POST /add finished in 123ms with status 200
[2026-06-16T05:33:05.183Z] GET /api/wishlist started
[2026-06-16T05:33:05.304Z] GET / finished in 121ms with status 200
[2026-06-16T05:33:08.307Z] GET /api/orders?limit=1 started
[2026-06-16T05:33:08.522Z] GET /?limit=1 finished in 215ms with status 200
